[INFO]> Prueba Info.3.1416añadiendo un double.
[DEBUG]C:\Users\Degryll\Documents\GitHub\ZBE\src\ZBE_main\src\degryllmain.cpp:28> Prueba Debug.42un int y0x22f5ccsu puntero.
[WARNING]> Prueba Warning.Aun caracter
[ERROR]> Prueba Error.Hola Mundo!una cadena.
[PROPIA]> Prueba Propia.
[INFO]> Prueba Info.3.1416añadiendo un double.
[DEBUG]C:\Users\Degryll\Documents\GitHub\ZBE\src\ZBE_main\src\degryllmain.cpp:33> Prueba Debug.42un int y0x22f5ccsu puntero.
[WARNING]> Prueba Warning.Aun caracter
[ERROR]> Prueba Error.Hola Mundo!una cadena.
[PROPIA]> Prueba Propia.
[INFO]> Prueba Info.3.1416añadiendo un double.
[DEBUG]C:\Users\Degryll\Documents\GitHub\ZBE\src\ZBE_main\src\degryllmain.cpp:33> Prueba Debug.42un int y0x22f5ccsu puntero.
[WARNING]> Prueba Warning.Aun caracter
[ERROR]> Prueba Error.Hola Mundo!una cadena.
[PROPIA]> Prueba Propia.
[INFO]> Prueba Info.3.1416añadiendo un double.
[DEBUG]C:\Users\Degryll\Documents\GitHub\ZBE\src\ZBE_main\src\degryllmain.cpp:33> Prueba Debug.42un int y0x22f5ccsu puntero.
[WARNING]> Prueba Warning.Aun caracter
[ERROR]> Prueba Error.Hola Mundo!una cadena.
[PROPIA]> Prueba Propia.
[INFO]> Prueba Info.3.1416añadiendo un double.
[DEBUG]C:\Users\Degryll\Documents\GitHub\ZBE\src\ZBE_main\src\degryllmain.cpp:33> Prueba Debug.42un int y0x22f5ccsu puntero.
[WARNING]> Prueba Warning.Aun caracter
[ERROR]> Prueba Error.Hola Mundo!una cadena.
[PROPIA]> Prueba Propia.
[INFO]> Prueba Info.3.1416añadiendo un double.
[DEBUG]C:\Users\Degryll\Documents\GitHub\ZBE\src\ZBE_main\src\degryllmain.cpp:33> Prueba Debug.42un int y0x22f5ccsu puntero.
[WARNING]> Prueba Warning.Aun caracter
[ERROR]> Prueba Error.Hola Mundo!una cadena.
[PROPIA]> Prueba Propia.
[INFO]> Prueba Info.3.1416añadiendo un double.
[DEBUG]C:\Users\Degryll\Documents\GitHub\ZBE\src\ZBE_main\src\degryllmain.cpp:33> Prueba Debug.42un int y0x22f5ccsu puntero.
[WARNING]> Prueba Warning.Aun caracter
[ERROR]> Prueba Error.Hola Mundo!una cadena.
[PROPIA]> Prueba Propia.
[INFO]> Prueba Info.3.1416añadiendo un double.
[DEBUG]C:\Users\Degryll\Documents\GitHub\ZBE\src\ZBE_main\src\degryllmain.cpp:33> Prueba Debug.42un int y0x22f5ccsu puntero.
[WARNING]> Prueba Warning.Aun caracter
[ERROR]> Prueba Error.Hola Mundo!una cadena.
[PROPIA]> Prueba Propia.
[INFO]> Prueba Info.3.1416añadiendo un double.
[DEBUG]C:\Users\Degryll\Documents\GitHub\ZBE\src\ZBE_main\src\degryllmain.cpp:33> Prueba Debug.42un int y0x22f5ccsu puntero.
[WARNING]> Prueba Warning.Aun caracter
[ERROR]> Prueba Error.Hola Mundo!una cadena.
[PROPIA]> Prueba Propia.
[INFO]> Prueba Info.3.1416añadiendo un double.
[DEBUG]C:\Users\Degryll\Documents\GitHub\ZBE\src\ZBE_main\src\degryllmain.cpp:47> Prueba Debug.42un int y0x22f5ccsu puntero.
[WARNING]> Prueba Warning.Aun caracter
[ERROR]> Prueba Error.Hola Mundo!una cadena.
[PROPIA]> Prueba Propia.
[INFO]> Prueba Info.3.1416añadiendo un double.
[DEBUG]C:\Users\Degryll\Documents\GitHub\ZBE\src\ZBE_main\src\degryllmain.cpp:47> Prueba Debug.42un int y0x22f5ccsu puntero.
[WARNING]> Prueba Warning.Aun caracter
[ERROR]> Prueba Error.Hola Mundo!una cadena.
[PROPIA]> Prueba Propia.
[INFO]> Prueba Info.3.1416añadiendo un double.
[DEBUG]C:\Users\Degryll\Documents\GitHub\ZBE\src\ZBE_main\src\degryllmain.cpp:47> Prueba Debug.42un int y0x22f5ccsu puntero.
[WARNING]> Prueba Warning.Aun caracter
[ERROR]> Prueba Error.Hola Mundo!una cadena.
[PROPIA]> Prueba Propia.
[INFO]> Prueba Info.3.1416añadiendo un double.
[DEBUG]C:\Users\Degryll\Documents\GitHub\ZBE\src\ZBE_main\src\degryllmain.cpp:47> Prueba Debug.42un int y0x22f5ccsu puntero.
[WARNING]> Prueba Warning.Aun caracter
[ERROR]> Prueba Error.Hola Mundo!una cadena.
[PROPIA]> Prueba Propia.
